<?xml version="1.0" encoding="UTF-8"?>
<testsuite name="TestClass" tests="8" skipped="0" failures="0" errors="0" timestamp="2020-04-28T03:28:54" hostname="DESKTOP-7MEM9PT" time="0.257">
  <properties/>
  <testcase name="testAddRoom" classname="TestClass" time="0.202"/>
  <testcase name="testAddTerm" classname="TestClass" time="0.014"/>
  <testcase name="testRemoveBooking" classname="TestClass" time="0.007"/>
  <testcase name="testRemoveUnavailability" classname="TestClass" time="0.007"/>
  <testcase name="testRemoveRoom" classname="TestClass" time="0.007"/>
  <testcase name="testRemoveTerm" classname="TestClass" time="0.006"/>
  <testcase name="testAddUnavailability" classname="TestClass" time="0.006"/>
  <testcase name="testAddBooking" classname="TestClass" time="0.007"/>
  <system-out><![CDATA[]]></system-out>
  <system-err><![CDATA[]]></system-err>
</testsuite>
